[1222/161624.661:ERROR:process_memory_win.cc(73)] ReadMemory at 0x1f92d590000 of 64 bytes failed: Only part of a ReadProcessMemory or WriteProcessMemory request was completed. (0x12B)
[1222/161624.662:WARNING:pe_image_reader.cc(302)] could not read dos header from C:\WINDOWS\System32\PSAPI.DLL
[1222/161624.662:ERROR:process_memory_win.cc(73)] ReadMemory at 0x1f92d75d790 of 72 bytes failed: Only part of a ReadProcessMemory or WriteProcessMemory request was completed. (0x12B)
[1222/161624.662:WARNING:pe_image_annotations_reader.cc(133)] could not read annotations list object in C:\Program Files (x86)\Google\Chrome\Application\72.0.3626.119\chrome_elf.dll
[1222/161624.663:ERROR:process_memory_win.cc(73)] ReadMemory at 0x1f92db90000 of 64 bytes failed: Only part of a ReadProcessMemory or WriteProcessMemory request was completed. (0x12B)
[1222/161624.663:WARNING:pe_image_reader.cc(302)] could not read dos header from C:\WINDOWS\System32\combase.dll
[1222/161624.663:ERROR:process_memory_win.cc(73)] ReadMemory at 0x1f92df03630 of 72 bytes failed: Only part of a ReadProcessMemory or WriteProcessMemory request was completed. (0x12B)
[1222/161624.663:WARNING:pe_image_annotations_reader.cc(133)] could not read annotations list object in C:\Program Files (x86)\Google\Chrome\Application\72.0.3626.119\chrome_child.dll
[1222/161624.705:ERROR:process_memory_win.cc(73)] ReadMemory at 0xe3f79ea000 of 90112 bytes failed: Only part of a ReadProcessMemory or WriteProcessMemory request was completed. (0x12B)
[1222/161624.706:ERROR:process_memory_win.cc(73)] ReadMemory at 0xe3f7bfe000 of 8192 bytes failed: Only part of a ReadProcessMemory or WriteProcessMemory request was completed. (0x12B)
[1222/161624.706:ERROR:process_memory_win.cc(73)] ReadMemory at 0xe3f7ffd000 of 12288 bytes failed: Only part of a ReadProcessMemory or WriteProcessMemory request was completed. (0x12B)
[1222/161624.706:ERROR:process_memory_win.cc(73)] ReadMemory at 0xe3f81fe000 of 8192 bytes failed: Only part of a ReadProcessMemory or WriteProcessMemory request was completed. (0x12B)
[1222/161624.706:ERROR:process_memory_win.cc(73)] ReadMemory at 0xe3f83fe000 of 8192 bytes failed: Only part of a ReadProcessMemory or WriteProcessMemory request was completed. (0x12B)
[1222/161624.706:ERROR:process_memory_win.cc(73)] ReadMemory at 0xe3f85fc000 of 16384 bytes failed: Only part of a ReadProcessMemory or WriteProcessMemory request was completed. (0x12B)
[1222/161624.707:ERROR:process_memory_win.cc(73)] ReadMemory at 0xe3f87ff000 of 4096 bytes failed: Only part of a ReadProcessMemory or WriteProcessMemory request was completed. (0x12B)
[1222/161624.707:ERROR:process_memory_win.cc(73)] ReadMemory at 0xe3f89fe000 of 8192 bytes failed: Only part of a ReadProcessMemory or WriteProcessMemory request was completed. (0x12B)
[1222/161624.707:ERROR:process_memory_win.cc(73)] ReadMemory at 0xe3f8bfc000 of 16384 bytes failed: Only part of a ReadProcessMemory or WriteProcessMemory request was completed. (0x12B)
[1222/161624.707:ERROR:process_memory_win.cc(73)] ReadMemory at 0xe3f8de8000 of 98304 bytes failed: Only part of a ReadProcessMemory or WriteProcessMemory request was completed. (0x12B)
[1222/161624.707:ERROR:process_memory_win.cc(73)] ReadMemory at 0xe3f8fe9000 of 94208 bytes failed: Only part of a ReadProcessMemory or WriteProcessMemory request was completed. (0x12B)
[1222/161624.708:ERROR:process_memory_win.cc(73)] ReadMemory at 0xe3f91fd000 of 12288 bytes failed: Only part of a ReadProcessMemory or WriteProcessMemory request was completed. (0x12B)
[1222/161624.708:ERROR:process_memory_win.cc(73)] ReadMemory at 0xe3f99ee000 of 73728 bytes failed: Only part of a ReadProcessMemory or WriteProcessMemory request was completed. (0x12B)
[1222/161624.708:ERROR:process_memory_win.cc(73)] ReadMemory at 0xe3f97fe000 of 8192 bytes failed: Only part of a ReadProcessMemory or WriteProcessMemory request was completed. (0x12B)
[1222/161624.708:ERROR:process_memory_win.cc(73)] ReadMemory at 0xe3f7dfc000 of 16384 bytes failed: Only part of a ReadProcessMemory or WriteProcessMemory request was completed. (0x12B)
[1222/161624.708:ERROR:process_memory_win.cc(73)] ReadMemory at 0xe3f93fc000 of 16384 bytes failed: Only part of a ReadProcessMemory or WriteProcessMemory request was completed. (0x12B)
[1222/161624.709:ERROR:process_memory_win.cc(73)] ReadMemory at 0xe3f95fd000 of 12288 bytes failed: Only part of a ReadProcessMemory or WriteProcessMemory request was completed. (0x12B)
[1222/161624.709:ERROR:process_memory_win.cc(73)] ReadMemory at 0xe3f7616000 of 6024 bytes failed: Only part of a ReadProcessMemory or WriteProcessMemory request was completed. (0x12B)
[1222/161624.709:ERROR:process_memory_win.cc(73)] ReadMemory at 0xe3f7620000 of 6024 bytes failed: Only part of a ReadProcessMemory or WriteProcessMemory request was completed. (0x12B)
[1222/161624.709:ERROR:process_memory_win.cc(73)] ReadMemory at 0xe3f7622000 of 6024 bytes failed: Only part of a ReadProcessMemory or WriteProcessMemory request was completed. (0x12B)
[1222/161624.710:ERROR:process_memory_win.cc(73)] ReadMemory at 0xe3f77a8000 of 852 bytes failed: Only part of a ReadProcessMemory or WriteProcessMemory request was completed. (0x12B)
[1222/161624.710:ERROR:process_memory_win.cc(73)] ReadMemory at 0xe3f77a9000 of 6024 bytes failed: Only part of a ReadProcessMemory or WriteProcessMemory request was completed. (0x12B)
[1222/161624.710:ERROR:process_memory_win.cc(73)] ReadMemory at 0xe3f77ab000 of 6024 bytes failed: Only part of a ReadProcessMemory or WriteProcessMemory request was completed. (0x12B)
[1222/161624.710:ERROR:process_memory_win.cc(73)] ReadMemory at 0xe3f77af000 of 6024 bytes failed: Only part of a ReadProcessMemory or WriteProcessMemory request was completed. (0x12B)
[1222/161624.710:ERROR:process_memory_win.cc(73)] ReadMemory at 0xe3f77b1000 of 6024 bytes failed: Only part of a ReadProcessMemory or WriteProcessMemory request was completed. (0x12B)
[1222/161624.710:ERROR:process_memory_win.cc(73)] ReadMemory at 0xe3f77b3000 of 6024 bytes failed: Only part of a ReadProcessMemory or WriteProcessMemory request was completed. (0x12B)
[1222/161624.711:ERROR:process_memory_win.cc(73)] ReadMemory at 0xe3f77b5000 of 6024 bytes failed: Only part of a ReadProcessMemory or WriteProcessMemory request was completed. (0x12B)
[1222/161624.711:ERROR:process_memory_win.cc(73)] ReadMemory at 0xe3f77b7000 of 6024 bytes failed: Only part of a ReadProcessMemory or WriteProcessMemory request was completed. (0x12B)
[1222/161624.711:ERROR:process_memory_win.cc(73)] ReadMemory at 0xe3f77b9000 of 6024 bytes failed: Only part of a ReadProcessMemory or WriteProcessMemory request was completed. (0x12B)
[1222/161624.711:ERROR:process_memory_win.cc(73)] ReadMemory at 0xe3f77bb000 of 6024 bytes failed: Only part of a ReadProcessMemory or WriteProcessMemory request was completed. (0x12B)
[1222/161624.711:ERROR:process_memory_win.cc(73)] ReadMemory at 0xe3f77bd000 of 6024 bytes failed: Only part of a ReadProcessMemory or WriteProcessMemory request was completed. (0x12B)
[1222/161624.711:ERROR:process_memory_win.cc(73)] ReadMemory at 0xe3f77bf000 of 6024 bytes failed: Only part of a ReadProcessMemory or WriteProcessMemory request was completed. (0x12B)
[1222/161624.712:ERROR:process_memory_win.cc(73)] ReadMemory at 0xe3f77c1000 of 6024 bytes failed: Only part of a ReadProcessMemory or WriteProcessMemory request was completed. (0x12B)
[1222/161624.712:ERROR:process_memory_win.cc(73)] ReadMemory at 0xe3f77c9000 of 6024 bytes failed: Only part of a ReadProcessMemory or WriteProcessMemory request was completed. (0x12B)
[1222/161624.712:ERROR:process_memory_win.cc(73)] ReadMemory at 0xe3f77cf000 of 6024 bytes failed: Only part of a ReadProcessMemory or WriteProcessMemory request was completed. (0x12B)
[1222/161624.713:ERROR:process_memory_win.cc(73)] ReadMemory at 0x1f92d610fe0 of 20386 bytes failed: Only part of a ReadProcessMemory or WriteProcessMemory request was completed. (0x12B)
[1222/161624.713:ERROR:process_memory_win.cc(73)] ReadMemory at 0x1f92d615f90 of 1012 bytes failed: Only part of a ReadProcessMemory or WriteProcessMemory request was completed. (0x12B)
[1222/161624.713:ERROR:process_memory_win.cc(73)] ReadMemory at 0x1f92d6165d8 of 118 bytes failed: Only part of a ReadProcessMemory or WriteProcessMemory request was completed. (0x12B)
[1222/161624.713:ERROR:process_memory_win.cc(73)] ReadMemory at 0x1f92d616650 of 1136 bytes failed: Only part of a ReadProcessMemory or WriteProcessMemory request was completed. (0x12B)
[1222/161624.713:ERROR:process_memory_win.cc(73)] ReadMemory at 0x1f92d616ac2 of 118 bytes failed: Only part of a ReadProcessMemory or WriteProcessMemory request was completed. (0x12B)
[1222/161624.714:ERROR:process_memory_win.cc(73)] ReadMemory at 0x1f92d616b3a of 96 bytes failed: Only part of a ReadProcessMemory or WriteProcessMemory request was completed. (0x12B)
[1222/161624.714:ERROR:process_memory_win.cc(73)] ReadMemory at 0x1f92d616bb0 of 58 bytes failed: Only part of a ReadProcessMemory or WriteProcessMemory request was completed. (0x12B)
[1222/161624.714:ERROR:process_memory_win.cc(73)] ReadMemory at 0x1f92d616cb0 of 132 bytes failed: Only part of a ReadProcessMemory or WriteProcessMemory request was completed. (0x12B)
[1222/161624.714:ERROR:process_memory_win.cc(73)] ReadMemory at 0x1f92d616e40 of 132 bytes failed: Only part of a ReadProcessMemory or WriteProcessMemory request was completed. (0x12B)
[1222/161624.714:ERROR:process_memory_win.cc(73)] ReadMemory at 0x1f92d617000 of 126 bytes failed: Only part of a ReadProcessMemory or WriteProcessMemory request was completed. (0x12B)
[1222/161624.714:ERROR:process_memory_win.cc(73)] ReadMemory at 0x1f92d617a80 of 132 bytes failed: Only part of a ReadProcessMemory or WriteProcessMemory request was completed. (0x12B)
[1222/161624.714:ERROR:process_memory_win.cc(73)] ReadMemory at 0x1f92d617bb0 of 64 bytes failed: Only part of a ReadProcessMemory or WriteProcessMemory request was completed. (0x12B)
[1222/161624.715:ERROR:process_memory_win.cc(73)] ReadMemory at 0x1f92d617cf0 of 132 bytes failed: Only part of a ReadProcessMemory or WriteProcessMemory request was completed. (0x12B)
[1222/161624.715:ERROR:process_memory_win.cc(73)] ReadMemory at 0x1f92d61afd0 of 132 bytes failed: Only part of a ReadProcessMemory or WriteProcessMemory request was completed. (0x12B)
[1222/161624.715:ERROR:process_memory_win.cc(73)] ReadMemory at 0x1f92d61b370 of 68 bytes failed: Only part of a ReadProcessMemory or WriteProcessMemory request was completed. (0x12B)
[1222/161624.715:ERROR:process_memory_win.cc(73)] ReadMemory at 0x1f92d620c90 of 62 bytes failed: Only part of a ReadProcessMemory or WriteProcessMemory request was completed. (0x12B)
[1222/161624.715:ERROR:process_memory_win.cc(73)] ReadMemory at 0x1f92d620d30 of 60 bytes failed: Only part of a ReadProcessMemory or WriteProcessMemory request was completed. (0x12B)
[1222/161624.715:ERROR:process_memory_win.cc(73)] ReadMemory at 0x1f92d620d80 of 66 bytes failed: Only part of a ReadProcessMemory or WriteProcessMemory request was completed. (0x12B)
[1222/161624.715:ERROR:process_memory_win.cc(73)] ReadMemory at 0x1f92d620dd0 of 64 bytes failed: Only part of a ReadProcessMemory or WriteProcessMemory request was completed. (0x12B)
[1222/161624.715:ERROR:process_memory_win.cc(73)] ReadMemory at 0x1f92d620e20 of 66 bytes failed: Only part of a ReadProcessMemory or WriteProcessMemory request was completed. (0x12B)
[1222/161624.716:ERROR:process_memory_win.cc(73)] ReadMemory at 0x1f92d620e70 of 60 bytes failed: Only part of a ReadProcessMemory or WriteProcessMemory request was completed. (0x12B)
[1222/161624.716:ERROR:process_memory_win.cc(73)] ReadMemory at 0x1f92d620ec0 of 62 bytes failed: Only part of a ReadProcessMemory or WriteProcessMemory request was completed. (0x12B)
[1222/161624.716:ERROR:process_memory_win.cc(73)] ReadMemory at 0x1f92d620f10 of 60 bytes failed: Only part of a ReadProcessMemory or WriteProcessMemory request was completed. (0x12B)
[1222/161624.716:ERROR:process_memory_win.cc(73)] ReadMemory at 0x1f92d620f60 of 60 bytes failed: Only part of a ReadProcessMemory or WriteProcessMemory request was completed. (0x12B)
[1222/161624.716:ERROR:process_memory_win.cc(73)] ReadMemory at 0x1f92d620fb0 of 62 bytes failed: Only part of a ReadProcessMemory or WriteProcessMemory request was completed. (0x12B)
[1222/161624.716:ERROR:process_memory_win.cc(73)] ReadMemory at 0x1f92d621000 of 58 bytes failed: Only part of a ReadProcessMemory or WriteProcessMemory request was completed. (0x12B)
[1222/161624.716:ERROR:process_memory_win.cc(73)] ReadMemory at 0x1f92d6211e0 of 62 bytes failed: Only part of a ReadProcessMemory or WriteProcessMemory request was completed. (0x12B)
[1222/161624.716:ERROR:process_memory_win.cc(73)] ReadMemory at 0x1f92d621230 of 64 bytes failed: Only part of a ReadProcessMemory or WriteProcessMemory request was completed. (0x12B)
[1222/161624.716:ERROR:process_memory_win.cc(73)] ReadMemory at 0x1f92d621280 of 58 bytes failed: Only part of a ReadProcessMemory or WriteProcessMemory request was completed. (0x12B)
[1222/161624.716:ERROR:process_memory_win.cc(73)] ReadMemory at 0x1f92d624490 of 132 bytes failed: Only part of a ReadProcessMemory or WriteProcessMemory request was completed. (0x12B)
[1222/161624.716:ERROR:process_memory_win.cc(73)] ReadMemory at 0x1f92d624940 of 132 bytes failed: Only part of a ReadProcessMemory or WriteProcessMemory request was completed. (0x12B)
[1222/161624.716:ERROR:process_memory_win.cc(73)] ReadMemory at 0x1f92d626360 of 132 bytes failed: Only part of a ReadProcessMemory or WriteProcessMemory request was completed. (0x12B)
[1222/161624.717:ERROR:process_memory_win.cc(73)] ReadMemory at 0x1f92d628fd0 of 132 bytes failed: Only part of a ReadProcessMemory or WriteProcessMemory request was completed. (0x12B)
[1222/161624.717:ERROR:process_memory_win.cc(73)] ReadMemory at 0x1f92d6292b0 of 132 bytes failed: Only part of a ReadProcessMemory or WriteProcessMemory request was completed. (0x12B)
[1222/161624.717:ERROR:process_memory_win.cc(73)] ReadMemory at 0x1f92d629e30 of 132 bytes failed: Only part of a ReadProcessMemory or WriteProcessMemory request was completed. (0x12B)
[1222/161624.717:ERROR:process_memory_win.cc(73)] ReadMemory at 0x1f92d629f60 of 158 bytes failed: Only part of a ReadProcessMemory or WriteProcessMemory request was completed. (0x12B)
[1222/161624.717:ERROR:process_memory_win.cc(73)] ReadMemory at 0x1f92d62a040 of 132 bytes failed: Only part of a ReadProcessMemory or WriteProcessMemory request was completed. (0x12B)
[1222/161624.717:ERROR:process_memory_win.cc(73)] ReadMemory at 0x1f92d62b210 of 132 bytes failed: Only part of a ReadProcessMemory or WriteProcessMemory request was completed. (0x12B)
[1222/161624.717:ERROR:process_memory_win.cc(73)] ReadMemory at 0x1f92d62b580 of 132 bytes failed: Only part of a ReadProcessMemory or WriteProcessMemory request was completed. (0x12B)
[1222/161624.717:ERROR:process_memory_win.cc(73)] ReadMemory at 0x1f92d62b8b0 of 132 bytes failed: Only part of a ReadProcessMemory or WriteProcessMemory request was completed. (0x12B)
[1222/161624.718:ERROR:process_memory_win.cc(73)] ReadMemory at 0x1f92d62baf0 of 132 bytes failed: Only part of a ReadProcessMemory or WriteProcessMemory request was completed. (0x12B)
[1222/161624.718:ERROR:process_memory_win.cc(73)] ReadMemory at 0x1f92d62bc20 of 132 bytes failed: Only part of a ReadProcessMemory or WriteProcessMemory request was completed. (0x12B)
[1222/161624.718:ERROR:process_memory_win.cc(73)] ReadMemory at 0x1f92d62bd50 of 132 bytes failed: Only part of a ReadProcessMemory or WriteProcessMemory request was completed. (0x12B)
[1222/161624.718:ERROR:process_memory_win.cc(73)] ReadMemory at 0x1f92d62be80 of 132 bytes failed: Only part of a ReadProcessMemory or WriteProcessMemory request was completed. (0x12B)
[1222/161624.718:ERROR:process_memory_win.cc(73)] ReadMemory at 0x1f92d62bfb0 of 132 bytes failed: Only part of a ReadProcessMemory or WriteProcessMemory request was completed. (0x12B)
[1222/161624.718:ERROR:process_memory_win.cc(73)] ReadMemory at 0x1f92d62c0e0 of 132 bytes failed: Only part of a ReadProcessMemory or WriteProcessMemory request was completed. (0x12B)
[1222/161624.719:ERROR:process_memory_win.cc(73)] ReadMemory at 0x1f92d62c210 of 132 bytes failed: Only part of a ReadProcessMemory or WriteProcessMemory request was completed. (0x12B)
[1222/161624.720:ERROR:process_memory_win.cc(73)] ReadMemory at 0x1f92d62c340 of 132 bytes failed: Only part of a ReadProcessMemory or WriteProcessMemory request was completed. (0x12B)
[1222/161624.720:ERROR:process_memory_win.cc(73)] ReadMemory at 0x1f92d62c470 of 132 bytes failed: Only part of a ReadProcessMemory or WriteProcessMemory request was completed. (0x12B)
[1222/161624.720:ERROR:process_memory_win.cc(73)] ReadMemory at 0x1f92d62c5a0 of 132 bytes failed: Only part of a ReadProcessMemory or WriteProcessMemory request was completed. (0x12B)
[1222/161624.720:ERROR:process_memory_win.cc(73)] ReadMemory at 0x1f92d62c6d0 of 132 bytes failed: Only part of a ReadProcessMemory or WriteProcessMemory request was completed. (0x12B)
[1222/161624.720:ERROR:process_memory_win.cc(73)] ReadMemory at 0x1f92d62c800 of 132 bytes failed: Only part of a ReadProcessMemory or WriteProcessMemory request was completed. (0x12B)
[1222/161624.721:ERROR:process_memory_win.cc(73)] ReadMemory at 0x1f92d62c930 of 132 bytes failed: Only part of a ReadProcessMemory or WriteProcessMemory request was completed. (0x12B)
[1222/161624.721:ERROR:process_memory_win.cc(73)] ReadMemory at 0x1f92d62d381 of 512 bytes failed: Only part of a ReadProcessMemory or WriteProcessMemory request was completed. (0x12B)
[1222/161624.721:ERROR:process_memory_win.cc(73)] ReadMemory at 0x1f92d62db60 of 154 bytes failed: Only part of a ReadProcessMemory or WriteProcessMemory request was completed. (0x12B)
[1222/161624.721:ERROR:process_memory_win.cc(73)] ReadMemory at 0x1f92d62e2f0 of 66 bytes failed: Only part of a ReadProcessMemory or WriteProcessMemory request was completed. (0x12B)
[1222/161624.721:ERROR:process_memory_win.cc(73)] ReadMemory at 0x1f92d62e890 of 62 bytes failed: Only part of a ReadProcessMemory or WriteProcessMemory request was completed. (0x12B)
[1222/161624.721:ERROR:process_memory_win.cc(73)] ReadMemory at 0x1f92d62eb60 of 62 bytes failed: Only part of a ReadProcessMemory or WriteProcessMemory request was completed. (0x12B)
[1222/161624.721:ERROR:process_memory_win.cc(73)] ReadMemory at 0x1f92d62ebb0 of 58 bytes failed: Only part of a ReadProcessMemory or WriteProcessMemory request was completed. (0x12B)
[1222/161624.722:ERROR:process_memory_win.cc(73)] ReadMemory at 0x1f92d62ed40 of 58 bytes failed: Only part of a ReadProcessMemory or WriteProcessMemory request was completed. (0x12B)
[1222/161624.722:ERROR:process_memory_win.cc(73)] ReadMemory at 0x1f92d63bb50 of 80 bytes failed: Only part of a ReadProcessMemory or WriteProcessMemory request was completed. (0x12B)
[1222/161624.722:ERROR:process_memory_win.cc(73)] ReadMemory at 0x1f92d63e1e0 of 62 bytes failed: Only part of a ReadProcessMemory or WriteProcessMemory request was completed. (0x12B)
[1222/161624.722:ERROR:process_memory_win.cc(73)] ReadMemory at 0x1f92d63e2d0 of 62 bytes failed: Only part of a ReadProcessMemory or WriteProcessMemory request was completed. (0x12B)
[1222/161624.722:ERROR:process_memory_win.cc(73)] ReadMemory at 0x1f92d63e410 of 64 bytes failed: Only part of a ReadProcessMemory or WriteProcessMemory request was completed. (0x12B)
[1222/161624.722:ERROR:process_memory_win.cc(73)] ReadMemory at 0x1f92d63e460 of 60 bytes failed: Only part of a ReadProcessMemory or WriteProcessMemory request was completed. (0x12B)
[1222/161624.722:ERROR:process_memory_win.cc(73)] ReadMemory at 0x1f92d63e550 of 62 bytes failed: Only part of a ReadProcessMemory or WriteProcessMemory request was completed. (0x12B)
[1222/161624.722:ERROR:process_memory_win.cc(73)] ReadMemory at 0x1f92d63e5f0 of 60 bytes failed: Only part of a ReadProcessMemory or WriteProcessMemory request was completed. (0x12B)
[1222/161624.723:ERROR:process_memory_win.cc(73)] ReadMemory at 0x1f92d63e730 of 62 bytes failed: Only part of a ReadProcessMemory or WriteProcessMemory request was completed. (0x12B)
[1222/161624.723:ERROR:process_memory_win.cc(73)] ReadMemory at 0x1f92d63e960 of 64 bytes failed: Only part of a ReadProcessMemory or WriteProcessMemory request was completed. (0x12B)
[1222/161624.723:ERROR:process_memory_win.cc(73)] ReadMemory at 0x1f92d63ea00 of 64 bytes failed: Only part of a ReadProcessMemory or WriteProcessMemory request was completed. (0x12B)
[1222/161624.723:ERROR:process_memory_win.cc(73)] ReadMemory at 0x1f92d63ea50 of 56 bytes failed: Only part of a ReadProcessMemory or WriteProcessMemory request was completed. (0x12B)
[1222/161624.723:ERROR:process_memory_win.cc(73)] ReadMemory at 0x1f92d63eaa0 of 62 bytes failed: Only part of a ReadProcessMemory or WriteProcessMemory request was completed. (0x12B)
[1222/161624.723:ERROR:process_memory_win.cc(73)] ReadMemory at 0x1f92d63eaf0 of 64 bytes failed: Only part of a ReadProcessMemory or WriteProcessMemory request was completed. (0x12B)
[1222/161624.723:ERROR:process_memory_win.cc(73)] ReadMemory at 0x1f92d63eb90 of 60 bytes failed: Only part of a ReadProcessMemory or WriteProcessMemory request was completed. (0x12B)
[1222/161624.723:ERROR:process_memory_win.cc(73)] ReadMemory at 0x1f92d63ec30 of 58 bytes failed: Only part of a ReadProcessMemory or WriteProcessMemory request was completed. (0x12B)
[1222/161624.724:ERROR:process_memory_win.cc(73)] ReadMemory at 0x1f92d63ec80 of 60 bytes failed: Only part of a ReadProcessMemory or WriteProcessMemory request was completed. (0x12B)
[1222/161624.724:ERROR:process_memory_win.cc(73)] ReadMemory at 0x1f92d63ed20 of 64 bytes failed: Only part of a ReadProcessMemory or WriteProcessMemory request was completed. (0x12B)
[1222/161624.724:ERROR:process_memory_win.cc(73)] ReadMemory at 0x1f92d63edc0 of 64 bytes failed: Only part of a ReadProcessMemory or WriteProcessMemory request was completed. (0x12B)
[1222/161624.724:ERROR:process_memory_win.cc(73)] ReadMemory at 0x1f92d63eeb0 of 62 bytes failed: Only part of a ReadProcessMemory or WriteProcessMemory request was completed. (0x12B)
[1222/161624.724:ERROR:process_memory_win.cc(73)] ReadMemory at 0x1f92d63efa0 of 60 bytes failed: Only part of a ReadProcessMemory or WriteProcessMemory request was completed. (0x12B)
[1222/161624.724:ERROR:process_memory_win.cc(73)] ReadMemory at 0x1f92d63eff0 of 64 bytes failed: Only part of a ReadProcessMemory or WriteProcessMemory request was completed. (0x12B)
[1222/161624.724:ERROR:process_memory_win.cc(73)] ReadMemory at 0x1f92d63f040 of 58 bytes failed: Only part of a ReadProcessMemory or WriteProcessMemory request was completed. (0x12B)
[1222/161624.724:ERROR:process_memory_win.cc(73)] ReadMemory at 0x1f92d63f560 of 132 bytes failed: Only part of a ReadProcessMemory or WriteProcessMemory request was completed. (0x12B)
[1222/161624.725:ERROR:process_memory_win.cc(73)] ReadMemory at 0x1f92d63f690 of 132 bytes failed: Only part of a ReadProcessMemory or WriteProcessMemory request was completed. (0x12B)
[1222/161624.725:ERROR:process_memory_win.cc(73)] ReadMemory at 0x1f92d63f7c0 of 132 bytes failed: Only part of a ReadProcessMemory or WriteProcessMemory request was completed. (0x12B)
[1222/161624.725:ERROR:process_memory_win.cc(73)] ReadMemory at 0x1f92d63f8f0 of 132 bytes failed: Only part of a ReadProcessMemory or WriteProcessMemory request was completed. (0x12B)
[1222/161624.725:ERROR:process_memory_win.cc(73)] ReadMemory at 0x1f92d63fc80 of 132 bytes failed: Only part of a ReadProcessMemory or WriteProcessMemory request was completed. (0x12B)
[1222/161624.725:ERROR:process_memory_win.cc(73)] ReadMemory at 0x1f92d63fee0 of 132 bytes failed: Only part of a ReadProcessMemory or WriteProcessMemory request was completed. (0x12B)
[1222/161624.725:ERROR:process_memory_win.cc(73)] ReadMemory at 0x1f92d640010 of 132 bytes failed: Only part of a ReadProcessMemory or WriteProcessMemory request was completed. (0x12B)
[1222/161624.725:ERROR:process_memory_win.cc(73)] ReadMemory at 0x1f92d640270 of 132 bytes failed: Only part of a ReadProcessMemory or WriteProcessMemory request was completed. (0x12B)
[1222/161624.725:ERROR:process_memory_win.cc(73)] ReadMemory at 0x1f92d6403a0 of 132 bytes failed: Only part of a ReadProcessMemory or WriteProcessMemory request was completed. (0x12B)
[1222/161624.725:ERROR:process_memory_win.cc(73)] ReadMemory at 0x1f92d6404d0 of 132 bytes failed: Only part of a ReadProcessMemory or WriteProcessMemory request was completed. (0x12B)
[1222/161624.726:ERROR:process_memory_win.cc(73)] ReadMemory at 0x1f92d640600 of 132 bytes failed: Only part of a ReadProcessMemory or WriteProcessMemory request was completed. (0x12B)
[1222/161624.726:ERROR:process_memory_win.cc(73)] ReadMemory at 0x1f92d640730 of 132 bytes failed: Only part of a ReadProcessMemory or WriteProcessMemory request was completed. (0x12B)
[1222/161624.726:ERROR:process_memory_win.cc(73)] ReadMemory at 0x1f92d640860 of 132 bytes failed: Only part of a ReadProcessMemory or WriteProcessMemory request was completed. (0x12B)
[1222/161624.726:ERROR:process_memory_win.cc(73)] ReadMemory at 0x1f92d640990 of 132 bytes failed: Only part of a ReadProcessMemory or WriteProcessMemory request was completed. (0x12B)
[1222/161624.726:ERROR:process_memory_win.cc(73)] ReadMemory at 0x1f92d640ac0 of 132 bytes failed: Only part of a ReadProcessMemory or WriteProcessMemory request was completed. (0x12B)
[1222/161624.726:ERROR:process_memory_win.cc(73)] ReadMemory at 0x1f92d640bf0 of 132 bytes failed: Only part of a ReadProcessMemory or WriteProcessMemory request was completed. (0x12B)
[1222/161624.726:ERROR:process_memory_win.cc(73)] ReadMemory at 0x1f92d640e50 of 132 bytes failed: Only part of a ReadProcessMemory or WriteProcessMemory request was completed. (0x12B)
[1222/161624.726:ERROR:process_memory_win.cc(73)] ReadMemory at 0x1f92d640f80 of 132 bytes failed: Only part of a ReadProcessMemory or WriteProcessMemory request was completed. (0x12B)
[1222/161624.727:ERROR:process_memory_win.cc(73)] ReadMemory at 0x1f92d6410b0 of 132 bytes failed: Only part of a ReadProcessMemory or WriteProcessMemory request was completed. (0x12B)
[1222/161624.727:ERROR:process_memory_win.cc(73)] ReadMemory at 0x1f92d6411e0 of 132 bytes failed: Only part of a ReadProcessMemory or WriteProcessMemory request was completed. (0x12B)
[1222/161624.727:ERROR:process_memory_win.cc(73)] ReadMemory at 0x1f92d641310 of 132 bytes failed: Only part of a ReadProcessMemory or WriteProcessMemory request was completed. (0x12B)
[1222/161624.727:ERROR:process_memory_win.cc(73)] ReadMemory at 0x1f92d644e00 of 246 bytes failed: Only part of a ReadProcessMemory or WriteProcessMemory request was completed. (0x12B)
[1222/161624.727:ERROR:process_memory_win.cc(73)] ReadMemory at 0x1f92d649590 of 60 bytes failed: Only part of a ReadProcessMemory or WriteProcessMemory request was completed. (0x12B)
[1222/161624.727:ERROR:process_memory_win.cc(73)] ReadMemory at 0x1f92d659140 of 512 bytes failed: Only part of a ReadProcessMemory or WriteProcessMemory request was completed. (0x12B)
[1222/161624.727:ERROR:process_memory_win.cc(73)] ReadMemory at 0x1f92d65a100 of 512 bytes failed: Only part of a ReadProcessMemory or WriteProcessMemory request was completed. (0x12B)
[1222/161624.727:ERROR:process_memory_win.cc(73)] ReadMemory at 0x1f92d77ff80 of 512 bytes failed: Only part of a ReadProcessMemory or WriteProcessMemory request was completed. (0x12B)
[1222/161624.727:ERROR:process_memory_win.cc(73)] ReadMemory at 0x1f92df26120 of 512 bytes failed: Only part of a ReadProcessMemory or WriteProcessMemory request was completed. (0x12B)
[1222/161624.728:ERROR:process_memory_win.cc(73)] ReadMemory at 0x1f92df26da0 of 512 bytes failed: Only part of a ReadProcessMemory or WriteProcessMemory request was completed. (0x12B)
[1222/161624.728:ERROR:process_memory_win.cc(73)] ReadMemory at 0x1f92df551d0 of 696 bytes failed: Only part of a ReadProcessMemory or WriteProcessMemory request was completed. (0x12B)
[1222/161624.728:ERROR:process_memory_win.cc(73)] ReadMemory at 0x1f92df576a0 of 512 bytes failed: Only part of a ReadProcessMemory or WriteProcessMemory request was completed. (0x12B)
[1222/161624.728:ERROR:process_memory_win.cc(73)] ReadMemory at 0x1f92df5d190 of 512 bytes failed: Only part of a ReadProcessMemory or WriteProcessMemory request was completed. (0x12B)
[1222/161624.728:ERROR:process_memory_win.cc(73)] ReadMemory at 0x1f92df88670 of 512 bytes failed: Only part of a ReadProcessMemory or WriteProcessMemory request was completed. (0x12B)
[1222/161624.728:ERROR:process_memory_win.cc(73)] ReadMemory at 0x1f92fe4f3a0 of 512 bytes failed: Only part of a ReadProcessMemory or WriteProcessMemory request was completed. (0x12B)
[1222/161624.728:ERROR:process_memory_win.cc(73)] ReadMemory at 0x1f9306b1c80 of 512 bytes failed: Only part of a ReadProcessMemory or WriteProcessMemory request was completed. (0x12B)
[1222/161624.728:ERROR:process_memory_win.cc(73)] ReadMemory at 0x1f9308662b0 of 512 bytes failed: Only part of a ReadProcessMemory or WriteProcessMemory request was completed. (0x12B)
[1222/161624.728:ERROR:process_memory_win.cc(73)] ReadMemory at 0x1f932bcaaa8 of 512 bytes failed: Only part of a ReadProcessMemory or WriteProcessMemory request was completed. (0x12B)
[1222/161624.729:ERROR:process_memory_win.cc(73)] ReadMemory at 0x1f932bcadd0 of 512 bytes failed: Only part of a ReadProcessMemory or WriteProcessMemory request was completed. (0x12B)
[1222/161624.729:ERROR:process_memory_win.cc(73)] ReadMemory at 0x1f932dbd740 of 512 bytes failed: Only part of a ReadProcessMemory or WriteProcessMemory request was completed. (0x12B)
[1222/161624.729:ERROR:process_memory_win.cc(73)] ReadMemory at 0x1f932dc3770 of 512 bytes failed: Only part of a ReadProcessMemory or WriteProcessMemory request was completed. (0x12B)
[1222/161624.729:ERROR:process_memory_win.cc(73)] ReadMemory at 0x1f932dcd7c0 of 512 bytes failed: Only part of a ReadProcessMemory or WriteProcessMemory request was completed. (0x12B)
[1222/161624.729:ERROR:process_memory_win.cc(73)] ReadMemory at 0x1f933588410 of 512 bytes failed: Only part of a ReadProcessMemory or WriteProcessMemory request was completed. (0x12B)
[1222/161624.729:ERROR:process_memory_win.cc(73)] ReadMemory at 0x1f9350b1590 of 512 bytes failed: Only part of a ReadProcessMemory or WriteProcessMemory request was completed. (0x12B)
[1222/161624.729:ERROR:process_memory_win.cc(73)] ReadMemory at 0x1f935155a30 of 512 bytes failed: Only part of a ReadProcessMemory or WriteProcessMemory request was completed. (0x12B)
[1222/161624.730:ERROR:process_memory_win.cc(73)] ReadMemory at 0x1f9352ea660 of 512 bytes failed: Only part of a ReadProcessMemory or WriteProcessMemory request was completed. (0x12B)
[1222/161624.730:ERROR:process_memory_win.cc(73)] ReadMemory at 0x1f936a63590 of 512 bytes failed: Only part of a ReadProcessMemory or WriteProcessMemory request was completed. (0x12B)
[1222/161624.730:ERROR:process_memory_win.cc(73)] ReadMemory at 0x1f4d609f2aa0 of 512 bytes failed: Only part of a ReadProcessMemory or WriteProcessMemory request was completed. (0x12B)
[1222/161624.730:ERROR:process_memory_win.cc(73)] ReadMemory at 0x7ffe8a7e2555 of 883 bytes failed: Only part of a ReadProcessMemory or WriteProcessMemory request was completed. (0x12B)
[1222/161624.730:ERROR:process_memory_win.cc(73)] ReadMemory at 0x7ffe8b4dec39 of 512 bytes failed: Only part of a ReadProcessMemory or WriteProcessMemory request was completed. (0x12B)
[1222/161624.730:ERROR:process_memory_win.cc(73)] ReadMemory at 0x7ffe8efe20ee of 512 bytes failed: Only part of a ReadProcessMemory or WriteProcessMemory request was completed. (0x12B)
[1222/161624.730:ERROR:process_memory_win.cc(73)] ReadMemory at 0x7ffefdc4e748 of 512 bytes failed: Only part of a ReadProcessMemory or WriteProcessMemory request was completed. (0x12B)
[1222/161624.731:ERROR:process_memory_win.cc(73)] ReadMemory at 0x7ffefee94a50 of 512 bytes failed: Only part of a ReadProcessMemory or WriteProcessMemory request was completed. (0x12B)
[1222/161624.731:ERROR:process_memory_win.cc(73)] ReadMemory at 0x7fff00265c5b of 512 bytes failed: Only part of a ReadProcessMemory or WriteProcessMemory request was completed. (0x12B)
[1222/161624.731:ERROR:process_memory_win.cc(73)] ReadMemory at 0x7fff00270a90 of 512 bytes failed: Only part of a ReadProcessMemory or WriteProcessMemory request was completed. (0x12B)
[1222/161624.731:ERROR:process_memory_win.cc(73)] ReadMemory at 0x7fff002ebfb4 of 512 bytes failed: Only part of a ReadProcessMemory or WriteProcessMemory request was completed. (0x12B)
[1222/161624.731:ERROR:process_memory_win.cc(73)] ReadMemory at 0x7fff002ec5b4 of 512 bytes failed: Only part of a ReadProcessMemory or WriteProcessMemory request was completed. (0x12B)
[1222/161624.731:ERROR:process_memory_win.cc(73)] ReadMemory at 0x7fff002ef924 of 608 bytes failed: Only part of a ReadProcessMemory or WriteProcessMemory request was completed. (0x12B)
[1222/161624.731:ERROR:process_memory_win.cc(73)] ReadMemory at 0x7fff00380a00 of 18 bytes failed: Only part of a ReadProcessMemory or WriteProcessMemory request was completed. (0x12B)
[1222/161624.731:ERROR:process_memory_win.cc(73)] ReadMemory at 0x7fff003b54f8 of 40 bytes failed: Only part of a ReadProcessMemory or WriteProcessMemory request was completed. (0x12B)
[1222/161624.732:ERROR:process_memory_win.cc(73)] ReadMemory at 0x7fff003b5978 of 48 bytes failed: Only part of a ReadProcessMemory or WriteProcessMemory request was completed. (0x12B)
[1222/161624.732:ERROR:process_memory_win.cc(73)] ReadMemory at 0x7fff003bb4c0 of 64 bytes failed: Only part of a ReadProcessMemory or WriteProcessMemory request was completed. (0x12B)
[1222/161624.734:ERROR:scoped_process_suspend.cc(40)] NtResumeProcess: An attempt was made to access an exiting process. (0xc000010a)
